<?xml version="1.0" encoding="UTF-8"?>
<testng-results ignored="0" total="3" passed="3" failed="0" skipped="0">
  <reporter-output>
  </reporter-output>
  <suite started-at="2023-10-29T13:39:42 IST" name="Default suite" finished-at="2023-10-29T13:40:40 IST" duration-ms="58628">
    <groups>
      <group name="cucumber">
        <method signature="AbstractTestNGCucumberTests.runScenario(io.cucumber.testng.PickleWrapper,io.cucumber.testng.FeatureWrapper)[pri:0, instance:runner.runner@2892d68]" name="runScenario" class="io.cucumber.testng.AbstractTestNGCucumberTests"/>
      </group> <!-- cucumber -->
    </groups>
    <test started-at="2023-10-29T13:39:42 IST" name="Default test" finished-at="2023-10-29T13:40:40 IST" duration-ms="58628">
      <class name="runner.runner">
        <test-method is-config="true" signature="setUpClass(org.testng.ITestContext)[pri:0, instance:runner.runner@2892d68]" started-at="2023-10-29T13:39:42 IST" name="setUpClass" finished-at="2023-10-29T13:39:42 IST" duration-ms="657" status="PASS">
          <params>
            <param index="0">
              <value>
                <![CDATA[org.testng.TestRunner@6c075e9d]]>
              </value>
            </param>
          </params>
          <reporter-output>
          </reporter-output>
        </test-method> <!-- setUpClass -->
        <test-method signature="runScenario(io.cucumber.testng.PickleWrapper,io.cucumber.testng.FeatureWrapper)[pri:0, instance:runner.runner@2892d68]" started-at="2023-10-29T13:39:42 IST" name="runScenario" description="Runs Cucumber Scenarios" data-provider="scenarios" finished-at="2023-10-29T13:40:01 IST" duration-ms="18596" status="PASS">
          <params>
            <param index="0">
              <value>
                <![CDATA["create lead with different test data"]]>
              </value>
            </param>
            <param index="1">
              <value>
                <![CDATA["create lead functionality"]]>
              </value>
            </param>
          </params>
          <reporter-output>
          </reporter-output>
        </test-method> <!-- runScenario -->
        <test-method signature="runScenario(io.cucumber.testng.PickleWrapper,io.cucumber.testng.FeatureWrapper)[pri:0, instance:runner.runner@2892d68]" started-at="2023-10-29T13:40:01 IST" name="runScenario" description="Runs Cucumber Scenarios" data-provider="scenarios" finished-at="2023-10-29T13:40:19 IST" duration-ms="17606" status="PASS">
          <params>
            <param index="0">
              <value>
                <![CDATA["create lead with different test data"]]>
              </value>
            </param>
            <param index="1">
              <value>
                <![CDATA["create lead functionality"]]>
              </value>
            </param>
          </params>
          <reporter-output>
          </reporter-output>
        </test-method> <!-- runScenario -->
        <test-method signature="runScenario(io.cucumber.testng.PickleWrapper,io.cucumber.testng.FeatureWrapper)[pri:0, instance:runner.runner@2892d68]" started-at="2023-10-29T13:40:19 IST" name="runScenario" description="Runs Cucumber Scenarios" data-provider="scenarios" finished-at="2023-10-29T13:40:39 IST" duration-ms="20030" status="PASS">
          <params>
            <param index="0">
              <value>
                <![CDATA["create lead with different test data"]]>
              </value>
            </param>
            <param index="1">
              <value>
                <![CDATA["create lead functionality"]]>
              </value>
            </param>
          </params>
          <reporter-output>
          </reporter-output>
        </test-method> <!-- runScenario -->
        <test-method is-config="true" signature="tearDownClass()[pri:0, instance:runner.runner@2892d68]" started-at="2023-10-29T13:40:39 IST" name="tearDownClass" finished-at="2023-10-29T13:40:40 IST" duration-ms="1706" status="PASS">
          <reporter-output>
          </reporter-output>
        </test-method> <!-- tearDownClass -->
      </class> <!-- runner.runner -->
    </test> <!-- Default test -->
  </suite> <!-- Default suite -->
</testng-results>
