<?xml version="1.0" encoding="UTF-8"?>
<testng-results ignored="0" total="2" passed="2" failed="0" skipped="0">
  <reporter-output>
  </reporter-output>
  <suite started-at="2023-10-28T11:57:16 IST" name="Suite" finished-at="2023-10-28T11:57:58 IST" duration-ms="41876">
    <groups>
    </groups>
    <test started-at="2023-10-28T11:57:16 IST" name="EnTest" finished-at="2023-10-28T11:57:39 IST" duration-ms="23172">
      <class name="testcase.CreateLeadFuntionality">
        <test-method is-config="true" signature="setValues()[pri:0, instance:testcase.CreateLeadFuntionality@1a6d8329]" started-at="2023-10-28T11:57:16 IST" name="setValues" finished-at="2023-10-28T11:57:16 IST" duration-ms="23" status="PASS">
          <reporter-output>
          </reporter-output>
        </test-method> <!-- setValues -->
        <test-method is-config="true" signature="preCondition(java.lang.String)[pri:0, instance:testcase.CreateLeadFuntionality@1a6d8329]" started-at="2023-10-28T11:57:19 IST" name="preCondition" finished-at="2023-10-28T11:57:26 IST" duration-ms="7088" status="PASS">
          <params>
            <param index="0">
              <value>
                <![CDATA[english]]>
              </value>
            </param>
          </params>
          <reporter-output>
          </reporter-output>
        </test-method> <!-- preCondition -->
        <test-method signature="runCreate(java.lang.String,java.lang.String,java.lang.String)[pri:0, instance:testcase.CreateLeadFuntionality@1a6d8329]" started-at="2023-10-28T11:57:26 IST" name="runCreate" data-provider="sendData" finished-at="2023-10-28T11:57:39 IST" duration-ms="12487" status="PASS">
          <params>
            <param index="0">
              <value>
                <![CDATA[Testleaf]]>
              </value>
            </param>
            <param index="1">
              <value>
                <![CDATA[Vidya ]]>
              </value>
            </param>
            <param index="2">
              <value>
                <![CDATA[R]]>
              </value>
            </param>
          </params>
          <reporter-output>
          </reporter-output>
        </test-method> <!-- runCreate -->
        <test-method is-config="true" signature="postCondition()[pri:0, instance:testcase.CreateLeadFuntionality@1a6d8329]" started-at="2023-10-28T11:57:39 IST" name="postCondition" finished-at="2023-10-28T11:57:39 IST" duration-ms="469" status="PASS">
          <reporter-output>
          </reporter-output>
        </test-method> <!-- postCondition -->
      </class> <!-- testcase.CreateLeadFuntionality -->
    </test> <!-- EnTest -->
    <test started-at="2023-10-28T11:57:39 IST" name="FrTest" finished-at="2023-10-28T11:57:58 IST" duration-ms="18644">
      <class name="testcase.CreateLeadFuntionality">
        <test-method is-config="true" signature="setValues()[pri:0, instance:testcase.CreateLeadFuntionality@53045c6c]" started-at="2023-10-28T11:57:39 IST" name="setValues" finished-at="2023-10-28T11:57:39 IST" duration-ms="1" status="PASS">
          <reporter-output>
          </reporter-output>
        </test-method> <!-- setValues -->
        <test-method is-config="true" signature="preCondition(java.lang.String)[pri:0, instance:testcase.CreateLeadFuntionality@53045c6c]" started-at="2023-10-28T11:57:39 IST" name="preCondition" finished-at="2023-10-28T11:57:46 IST" duration-ms="6458" status="PASS">
          <params>
            <param index="0">
              <value>
                <![CDATA[french]]>
              </value>
            </param>
          </params>
          <reporter-output>
          </reporter-output>
        </test-method> <!-- preCondition -->
        <test-method signature="runCreate(java.lang.String,java.lang.String,java.lang.String)[pri:0, instance:testcase.CreateLeadFuntionality@53045c6c]" started-at="2023-10-28T11:57:46 IST" name="runCreate" data-provider="sendData" finished-at="2023-10-28T11:57:57 IST" duration-ms="11461" status="PASS">
          <params>
            <param index="0">
              <value>
                <![CDATA[Testleaf]]>
              </value>
            </param>
            <param index="1">
              <value>
                <![CDATA[Vidya ]]>
              </value>
            </param>
            <param index="2">
              <value>
                <![CDATA[R]]>
              </value>
            </param>
          </params>
          <reporter-output>
          </reporter-output>
        </test-method> <!-- runCreate -->
        <test-method is-config="true" signature="postCondition()[pri:0, instance:testcase.CreateLeadFuntionality@53045c6c]" started-at="2023-10-28T11:57:57 IST" name="postCondition" finished-at="2023-10-28T11:57:58 IST" duration-ms="527" status="PASS">
          <reporter-output>
          </reporter-output>
        </test-method> <!-- postCondition -->
      </class> <!-- testcase.CreateLeadFuntionality -->
    </test> <!-- FrTest -->
  </suite> <!-- Suite -->
</testng-results>
