<?xml version="1.0" encoding="UTF-8"?>
<testng-results ignored="0" total="1" passed="1" failed="0" skipped="0">
  <reporter-output>
  </reporter-output>
  <suite started-at="2023-10-28T10:25:32 IST" name="Suite" finished-at="2023-10-28T10:26:31 IST" duration-ms="59239">
    <groups>
    </groups>
    <test started-at="2023-10-28T10:25:32 IST" name="Test" finished-at="2023-10-28T10:26:31 IST" duration-ms="59239">
      <class name="testcase.CreateLeadFuntionality">
        <test-method is-config="true" signature="setValues()[pri:0, instance:testcase.CreateLeadFuntionality@4efac082]" started-at="2023-10-28T10:25:32 IST" name="setValues" finished-at="2023-10-28T10:25:32 IST" duration-ms="25" status="PASS">
          <reporter-output>
          </reporter-output>
        </test-method> <!-- setValues -->
        <test-method is-config="true" signature="preCondition()[pri:0, instance:testcase.CreateLeadFuntionality@4efac082]" started-at="2023-10-28T10:25:34 IST" name="preCondition" finished-at="2023-10-28T10:25:52 IST" duration-ms="18023" status="PASS">
          <reporter-output>
          </reporter-output>
        </test-method> <!-- preCondition -->
        <test-method signature="runCreate(java.lang.String,java.lang.String,java.lang.String)[pri:0, instance:testcase.CreateLeadFuntionality@4efac082]" started-at="2023-10-28T10:25:52 IST" name="runCreate" data-provider="sendData" finished-at="2023-10-28T10:26:30 IST" duration-ms="37776" status="PASS">
          <params>
            <param index="0">
              <value>
                <![CDATA[Testleaf]]>
              </value>
            </param>
            <param index="1">
              <value>
                <![CDATA[Vidya ]]>
              </value>
            </param>
            <param index="2">
              <value>
                <![CDATA[R]]>
              </value>
            </param>
          </params>
          <reporter-output>
          </reporter-output>
        </test-method> <!-- runCreate -->
        <test-method is-config="true" signature="postCondition()[pri:0, instance:testcase.CreateLeadFuntionality@4efac082]" started-at="2023-10-28T10:26:30 IST" name="postCondition" finished-at="2023-10-28T10:26:31 IST" duration-ms="591" status="PASS">
          <reporter-output>
          </reporter-output>
        </test-method> <!-- postCondition -->
      </class> <!-- testcase.CreateLeadFuntionality -->
    </test> <!-- Test -->
  </suite> <!-- Suite -->
</testng-results>
